<?xml version="1.0" encoding="UTF-8"?>
<!-- Generated by org.testng.reporters.JUnitReportReporter -->
<testsuite hostname="DESKTOP-SIKMI5O" failures="0" tests="1" name="TestNG.abc" time="0.026" errors="0" timestamp="2024-12-25T17:29:49 IST" skipped="0">
  <testcase classname="TestNG.abc" name="m1" time="0.026"/>
  <system-out/>
</testsuite> <!-- TestNG.abc -->
