<?xml version="1.0" encoding="UTF-8"?>
<!-- Generated by org.testng.reporters.JUnitReportReporter -->
<testsuite hostname="DESKTOP-SIKMI5O" failures="0" tests="1" name="DDT.CreateProduct" time="58.164" errors="0" timestamp="2024-12-13T12:33:51 IST" skipped="0">
  <testcase classname="DDT.CreateProduct" name="CreateProduct" time="58.164"/>
</testsuite> <!-- DDT.CreateProduct -->
