<?xml version="1.0" encoding="UTF-8"?>
<!-- Generated by org.testng.reporters.JUnitReportReporter -->
<testsuite hostname="DESKTOP-SIKMI5O" failures="0" tests="3" name="TestNG.DataProvider_Ex" time="0.032" errors="0" timestamp="2024-12-25T17:31:54 IST" skipped="0">
  <testcase classname="TestNG.DataProvider_Ex" name="bookTickets" time="0.002"/>
  <system-out/>
  <testcase classname="TestNG.DataProvider_Ex" name="bookTickets" time="0.026"/>
  <system-out/>
  <testcase classname="TestNG.DataProvider_Ex" name="bookTickets" time="0.004"/>
  <system-out/>
</testsuite> <!-- TestNG.DataProvider_Ex -->
