<?xml version="1.0" encoding="UTF-8"?>
<!-- Generated by org.testng.reporters.JUnitReportReporter -->
<testsuite hostname="DESKTOP-SIKMI5O" failures="0" tests="3" name="TestNG.DataProvider_Ex" time="0.010" errors="0" timestamp="2024-11-30T22:21:39 IST" skipped="0">
  <testcase classname="TestNG.DataProvider_Ex" name="bookTickets" time="0.000"/>
  <testcase classname="TestNG.DataProvider_Ex" name="bookTickets" time="0.002"/>
  <testcase classname="TestNG.DataProvider_Ex" name="bookTickets" time="0.008"/>
</testsuite> <!-- TestNG.DataProvider_Ex -->
