<?xml version="1.0" encoding="UTF-8"?>
<!-- Generated by org.testng.reporters.JUnitReportReporter -->
<testsuite hostname="DESKTOP-SIKMI5O" failures="0" tests="3" name="TestNG.DataProviderEx_02" time="94.227" errors="0" timestamp="2024-12-25T17:35:03 IST" skipped="0">
  <testcase classname="TestNG.DataProviderEx_02" name="createOrganization" time="59.948"/>
  <system-out/>
  <testcase classname="TestNG.DataProviderEx_02" name="createOrganization" time="17.562"/>
  <system-out/>
  <testcase classname="TestNG.DataProviderEx_02" name="createOrganization" time="16.717"/>
  <system-out/>
</testsuite> <!-- TestNG.DataProviderEx_02 -->
