<?xml version="1.0" encoding="UTF-8"?>
<!-- Generated by org.testng.reporters.JUnitReportReporter -->
<testsuite hostname="DESKTOP-SIKMI5O" failures="0" tests="1" name="DDT.Create_Campaign" time="11.593" errors="0" timestamp="2024-12-14T12:20:03 IST" skipped="0">
  <testcase classname="DDT.Create_Campaign" name="Create_Campaign" time="11.593"/>
</testsuite> <!-- DDT.Create_Campaign -->
