<?xml version="1.0" encoding="UTF-8"?>
<!-- Generated by org.testng.reporters.JUnitReportReporter -->
<testsuite hostname="DESKTOP-SIKMI5O" failures="0" tests="1" name="DDT.CreateOrganization" time="48.804" errors="0" timestamp="2024-12-13T12:41:01 IST" skipped="0">
  <testcase classname="DDT.CreateOrganization" name="CreateOrganization" time="48.804"/>
</testsuite> <!-- DDT.CreateOrganization -->
