<?xml version="1.0" encoding="UTF-8"?>
<!-- Generated by org.testng.reporters.JUnitReportReporter -->
<testsuite hostname="DESKTOP-SIKMI5O" failures="0" tests="1" name="DDT.Create_Campaign" time="44.625" errors="0" timestamp="2024-12-16T12:57:19 IST" skipped="0">
  <testcase classname="DDT.Create_Campaign" name="Create_Campaign" time="44.625"/>
</testsuite> <!-- DDT.Create_Campaign -->
