<?xml version="1.0" encoding="UTF-8"?>
<!-- Generated by org.testng.reporters.JUnitReportReporter -->
<testsuite hostname="DESKTOP-SIKMI5O" failures="0" tests="3" name="TestNG.Script1Test" time="0.004" errors="0" timestamp="2024-12-16T12:41:52 IST" skipped="1">
  <testcase classname="TestNG.Script1Test" name="modifyProduct" time="0.000"/>
  <testcase classname="TestNG.Script1Test" name="createProduct" time="0.004"/>
  <testcase classname="TestNG.Script1Test" name="deleteProduct">
    <skipped/>
  </testcase> <!-- deleteProduct -->
</testsuite> <!-- TestNG.Script1Test -->
